<?xml version="1.0" encoding="UTF-8"?>
<testsuite xmlns:xsi="http://www.w3.org/2001/XMLSchema-instance" xsi:noNamespaceSchemaLocation="https://maven.apache.org/surefire/maven-surefire-plugin/xsd/surefire-test-report-3.0.xsd" version="3.0" name="com.stackroute.basics.StringFinderAppTests" time="0.113" tests="4" errors="0" skipped="0" failures="0">
  <properties>
[...]
</properties>
  <testcase name="givenEmptyValuesForFirstStringWhenCheckedThenDisplayEmpty" classname="com.stackroute.basics.StringFinderAppTests" time="0.074"/>
  <testcase name="givenEmptyValuesForSearchStringWhenCheckedThenDisplayEmpty" classname="com.stackroute.basics.StringFinderAppTests" time="0.002"/>
  <testcase name="givenValidValuesWhenCheckedThenDisplayFound" classname="com.stackroute.basics.StringFinderAppTests" time="0.005"/>
  <testcase name="givenInvalidValuesSWhenCheckedThenDisplayNotFound" classname="com.stackroute.basics.StringFinderAppTests" time="0.004"/>
</testsuite>